lø. 01. juni 01:33:06 +0200 2019 - Starting build_in_docker  
Sending build context to Docker daemon  87.29MB
Step 1/6 : FROM cmake_buildenv_centos:7.6.1810
 ---> cf081d7acfeb
Step 2/6 : MAINTAINER Ole Øyvind Hove <oleo@vanilla.no>
 ---> Using cache
 ---> 05e18bf0c4b9
Step 3/6 : RUN mkdir /lastbuild
 ---> Using cache
 ---> 4ec72daf0221
Step 4/6 : COPY . /compile/
 ---> 5ff5bf3fbaf0
Step 5/6 : WORKDIR /compile
 ---> Running in 9b04f14dc558
Removing intermediate container 9b04f14dc558
 ---> aa175eca8994
Step 6/6 : ENTRYPOINT ["./buildall"]
 ---> Running in 0bf70d9185ab
Removing intermediate container 0bf70d9185ab
 ---> 63b45ae37d81
Successfully built 63b45ae37d81
Successfully tagged aspirantvncviewer:latest
checking build system type... x86_64-pc-linux-gnu
checking host system type... x86_64-pc-linux-gnu
checking how to print strings... printf
checking for gcc... gcc
checking whether the C compiler works... yes
checking for C compiler default output file name... a.out
checking for suffix of executables... 
checking whether we are cross compiling... no
checking for suffix of object files... o
checking whether we are using the GNU C compiler... yes
checking whether gcc accepts -g... yes
checking for gcc option to accept ISO C89... none needed
checking for a sed that does not truncate output... /usr/bin/sed
checking for grep that handles long lines and -e... /usr/bin/grep
checking for egrep... /usr/bin/grep -E
checking for fgrep... /usr/bin/grep -F
checking for ld used by gcc... /usr/bin/ld
checking if the linker (/usr/bin/ld) is GNU ld... yes
checking for BSD- or MS-compatible name lister (nm)... /usr/bin/nm -B
checking the name lister (/usr/bin/nm -B) interface... BSD nm
checking whether ln -s works... yes
checking the maximum length of command line arguments... 1572864
checking whether the shell understands some XSI constructs... yes
checking whether the shell understands "+="... yes
checking how to convert x86_64-pc-linux-gnu file names to x86_64-pc-linux-gnu format... func_convert_file_noop
checking how to convert x86_64-pc-linux-gnu file names to toolchain format... func_convert_file_noop
checking for /usr/bin/ld option to reload object files... -r
checking for objdump... objdump
checking how to recognize dependent libraries... pass_all
checking for dlltool... no
checking how to associate runtime and link libraries... printf %s\n
checking for ar... ar
checking for archiver @FILE support... @
checking for strip... strip
checking for ranlib... ranlib
checking for gawk... gawk
checking command to parse /usr/bin/nm -B output from gcc object... ok
checking for sysroot... no
../configure: line 5981: /usr/bin/file: No such file or directory
checking for mt... no
checking if : is a manifest tool... no
checking how to run the C preprocessor... gcc -E
checking for ANSI C header files... yes
checking for sys/types.h... yes
checking for sys/stat.h... yes
checking for stdlib.h... yes
checking for string.h... yes
checking for memory.h... yes
checking for strings.h... yes
checking for inttypes.h... yes
checking for stdint.h... yes
checking for unistd.h... yes
checking for dlfcn.h... yes
checking for objdir... .libs
checking if gcc supports -fno-rtti -fno-exceptions... no
checking for gcc option to produce PIC... -fPIC -DPIC
checking if gcc PIC flag -fPIC -DPIC works... yes
checking if gcc static flag -static works... no
checking if gcc supports -c -o file.o... yes
checking if gcc supports -c -o file.o... (cached) yes
checking whether the gcc linker (/usr/bin/ld) supports shared libraries... yes
checking whether -lc should be explicitly linked in... no
checking dynamic linker characteristics... GNU/Linux ld.so
checking how to hardcode library paths into programs... immediate
checking whether stripping libraries is possible... yes
checking if libtool supports shared libraries... yes
checking whether to build shared libraries... yes
checking whether to build static libraries... yes
checking for gcc... (cached) gcc
checking whether we are using the GNU C compiler... (cached) yes
checking whether gcc accepts -g... (cached) yes
checking for gcc option to accept ISO C89... (cached) none needed
checking for g++... g++
checking whether we are using the GNU C++ compiler... yes
checking whether g++ accepts -g... yes
checking how to run the C++ preprocessor... g++ -E
checking for ld used by g++... /usr/bin/ld
checking if the linker (/usr/bin/ld) is GNU ld... yes
checking whether the g++ linker (/usr/bin/ld) supports shared libraries... yes
checking for g++ option to produce PIC... -fPIC -DPIC
checking if g++ PIC flag -fPIC -DPIC works... yes
checking if g++ static flag -static works... no
checking if g++ supports -c -o file.o... yes
checking if g++ supports -c -o file.o... (cached) yes
checking whether the g++ linker (/usr/bin/ld) supports shared libraries... yes
checking dynamic linker characteristics... (cached) GNU/Linux ld.so
checking how to hardcode library paths into programs... immediate
checking for a BSD-compatible install... /usr/bin/install -c
checking whether make sets $(MAKE)... yes
checking for windres... no
checking for an ANSI C-conforming const... yes
checking for inline... inline
checking for working volatile... yes
checking for GCC -MMD -MT option... yes
checking for linker option --no-undefined... yes
checking for ANSI C header files... (cached) yes
checking for sys/types.h... (cached) yes
checking stdio.h usability... yes
checking stdio.h presence... yes
checking for stdio.h... yes
checking for stdlib.h... (cached) yes
checking stddef.h usability... yes
checking stddef.h presence... yes
checking for stddef.h... yes
checking stdarg.h usability... yes
checking stdarg.h presence... yes
checking for stdarg.h... yes
checking malloc.h usability... yes
checking malloc.h presence... yes
checking for malloc.h... yes
checking for memory.h... (cached) yes
checking for string.h... (cached) yes
checking for strings.h... (cached) yes
checking wchar.h usability... yes
checking wchar.h presence... yes
checking for wchar.h... yes
checking for inttypes.h... (cached) yes
checking for stdint.h... (cached) yes
checking limits.h usability... yes
checking limits.h presence... yes
checking for limits.h... yes
checking ctype.h usability... yes
checking ctype.h presence... yes
checking for ctype.h... yes
checking math.h usability... yes
checking math.h presence... yes
checking for math.h... yes
checking float.h usability... yes
checking float.h presence... yes
checking for float.h... yes
checking iconv.h usability... yes
checking iconv.h presence... yes
checking for iconv.h... yes
checking signal.h usability... yes
checking signal.h presence... yes
checking for signal.h... yes
checking for size_t... yes
checking for M_PI in math.h... yes
checking for working alloca.h... yes
checking for alloca... yes
checking for working memcmp... yes
checking for working strtod... yes
checking for mprotect... yes
checking for malloc... yes
checking for calloc... yes
checking for realloc... yes
checking for free... yes
checking for getenv... yes
checking for setenv... yes
checking for putenv... yes
checking for unsetenv... yes
checking for qsort... yes
checking for abs... yes
checking for bcopy... yes
checking for memset... yes
checking for memcpy... yes
checking for memmove... yes
checking for wcslen... yes
checking for wcscmp... yes
checking for strlen... yes
checking for strlcpy... no
checking for strlcat... no
checking for _strrev... no
checking for _strupr... no
checking for _strlwr... no
checking for strchr... yes
checking for strrchr... yes
checking for strstr... yes
checking for itoa... no
checking for _ltoa... no
checking for _uitoa... no
checking for _ultoa... no
checking for strtol... yes
checking for strtoul... yes
checking for _i64toa... no
checking for _ui64toa... no
checking for strtoll... yes
checking for strtoull... yes
checking for atoi... yes
checking for atof... yes
checking for strcmp... yes
checking for strncmp... yes
checking for _stricmp... no
checking for strcasecmp... yes
checking for _strnicmp... no
checking for strncasecmp... yes
checking for vsscanf... yes
checking for vsnprintf... yes
checking for fopen64... yes
checking for fseeko... yes
checking for fseeko64... yes
checking for sigaction... yes
checking for setjmp... yes
checking for nanosleep... yes
checking for sysconf... yes
checking for sysctlbyname... no
checking for getauxval... yes
checking for poll... yes
checking for pow in -lm... yes
checking for acos... yes
checking for acosf... yes
checking for asin... yes
checking for asinf... yes
checking for atan... yes
checking for atanf... yes
checking for atan2... yes
checking for atan2f... yes
checking for ceil... yes
checking for ceilf... yes
checking for copysign... yes
checking for copysignf... yes
checking for cos... yes
checking for cosf... yes
checking for exp... yes
checking for expf... yes
checking for fabs... yes
checking for fabsf... yes
checking for floor... yes
checking for floorf... yes
checking for fmod... yes
checking for fmodf... yes
checking for log... yes
checking for logf... yes
checking for log10... yes
checking for log10f... yes
checking for pow... yes
checking for powf... yes
checking for scalbn... yes
checking for scalbnf... yes
checking for sin... yes
checking for sinf... yes
checking for sqrt... yes
checking for sqrtf... yes
checking for tan... yes
checking for tanf... yes
checking for iconv_open in -liconv... no
checking for iconv... yes
checking for struct sigaction.sa_sigaction... yes
checking libunwind.h usability... no
checking libunwind.h presence... no
checking for libunwind.h... no
checking for GCC builtin atomic operations... yes
checking for GCC -mmmx option... yes
checking for GCC -m3dnow option... yes
checking for GCC -msse option... yes
checking for GCC -msse2 option... yes
checking for GCC -msse3 option... yes
checking immintrin.h usability... yes
checking immintrin.h presence... yes
checking for immintrin.h... yes
checking for Altivec with GCC altivec.h and -maltivec option... no
checking for Altivec with GCC -maltivec option... no
checking for Altivec with GCC altivec.h and -faltivec option... no
checking for Altivec with GCC -faltivec option... no
checking for GCC -Wall option... yes
checking for necessary GCC -Wno-multichar option... no
checking for GCC -fvisibility=hidden option... yes
checking for GCC -Wdeclaration-after-statement option... yes
checking for dlopen... yes
checking for dlopen in -lc... no
checking for dlopen in -ldl... yes
checking for OSS audio support... yes
checking for ALSA CFLAGS... 
checking for ALSA LDFLAGS...  -lasound -lm -ldl -lpthread
checking for libasound headers version >= 1.0.11... not present.
checking for snd_ctl_open in -lasound... no
checking for pkg-config... /usr/bin/pkg-config
checking for PulseAudio 0.9 support... no
checking for pkg-config... (cached) /usr/bin/pkg-config
checking for JACK 0.125 support... no
checking for artsc-config... no
checking for esd-config... no
checking for ESD - version >= 0.2.8... no
*** The esd-config script installed by ESD could not be found
*** If ESD was installed in PREFIX, make sure PREFIX/bin is in
*** your path, or set the ESD_CONFIG environment variable to the
*** full path to esd-config.
checking audio/audiolib.h usability... no
checking audio/audiolib.h presence... no
checking for audio/audiolib.h... no
checking for AuOpenServer in -laudio... no
checking for NAS audio support... no
checking sndio.h usability... no
checking sndio.h presence... no
checking for sndio.h... no
checking for sio_open in -lsndio... no
checking for sndio audio support... no
checking samplerate.h usability... no
checking samplerate.h presence... no
checking for samplerate.h... no
checking for pkg-config... (cached) /usr/bin/pkg-config
checking for Raspberry Pi... no
checking for X... no
checking for OpenGL (GLX) support... no
checking for EGL support... no
checking for OpenGL ES v1 headers... no
checking for OpenGL ES v2 headers... yes
checking for pkg-config... (cached) /usr/bin/pkg-config
checking for Wayland support... no
checking libudev.h usability... no
checking libudev.h presence... no
checking for libudev.h... no
checking for pkg-config... (cached) /usr/bin/pkg-config
Package dbus-1 was not found in the pkg-config search path.
Perhaps you should add the directory containing `dbus-1.pc'
to the PKG_CONFIG_PATH environment variable
No package 'dbus-1' found
checking dbus/dbus.h usability... no
checking dbus/dbus.h presence... no
checking for dbus/dbus.h... no
checking for pkg-config... (cached) /usr/bin/pkg-config
Package ibus-1.0 was not found in the pkg-config search path.
Perhaps you should add the directory containing `ibus-1.0.pc'
to the PKG_CONFIG_PATH environment variable
No package 'ibus-1.0' found
checking ibus-1.0/ibus.h usability... no
checking ibus-1.0/ibus.h presence... no
checking for ibus-1.0/ibus.h... no
checking sys/inotify.h usability... yes
checking sys/inotify.h presence... yes
checking for sys/inotify.h... yes
checking for pkg-config... (cached) /usr/bin/pkg-config
Package fcitx was not found in the pkg-config search path.
Perhaps you should add the directory containing `fcitx.pc'
to the PKG_CONFIG_PATH environment variable
No package 'fcitx' found
checking fcitx/frontend.h usability... no
checking fcitx/frontend.h presence... no
checking for fcitx/frontend.h... no
checking for Linux 2.4 unified input interface... yes
checking for Linux kd.h... yes
checking for Touchscreen library support... no
checking for pthreads... yes
checking for recursive mutexes... yes
checking for pthread semaphores... yes
checking for sem_timedwait... yes
checking for pthread_np.h... no
checking for pthread_setname_np... yes
checking for pthread_set_name_np... no
checking for clock_gettime in -lrt... yes
checking linux/version.h usability... yes
checking linux/version.h presence... yes
checking for linux/version.h... yes
checking for Vivante VDK API... no
checking for Vivante FB API... no
checking for linker option --enable-new-dtags... yes
configure: creating ./config.status
config.status: creating Makefile
config.status: creating sdl2-config
config.status: creating sdl2-config.cmake
config.status: creating SDL2.spec
config.status: creating sdl2.pc
config.status: creating include/SDL_config.h
config.status: executing libtool commands
config.status: executing sdl2_config commands
config.status: executing summary commands
SDL2 Configure Summary:
Building Shared Libraries
Building Static Libraries
Enabled modules : atomic audio video render events joystick haptic sensor power filesystem threads timers file loadso cpuinfo assembly
Assembly Math   : mmx 3dnow sse sse2 sse3
Audio drivers   : disk dummy oss
Video drivers   : dummy opengl_es2 vulkan
Input drivers   : linuxev linuxkd
Using libsamplerate : NO
Using libudev       : NO
Using dbus          : NO
Using ime           : YES
Using ibus          : NO
Using fcitx         : NO
/bin/sh ../build-scripts/mkinstalldirs build
mkdir -p -- build
/bin/sh ../build-scripts/updaterev.sh
  CC     build/SDL.lo
  CC     build/SDL_assert.lo
  CC     build/SDL_dataqueue.lo
  CC     build/SDL_error.lo
  CC     build/SDL_hints.lo
  CC     build/SDL_log.lo
  CC     build/SDL_atomic.lo
  CC     build/SDL_spinlock.lo
  CC     build/SDL_audio.lo
  CC     build/SDL_audiocvt.lo
  CC     build/SDL_audiodev.lo
  CC     build/SDL_audiotypecvt.lo
  CC     build/SDL_mixer.lo
  CC     build/SDL_wave.lo
  CC     build/SDL_cpuinfo.lo
  CC     build/SDL_dynapi.lo
  CC     build/SDL_clipboardevents.lo
  CC     build/SDL_displayevents.lo
  CC     build/SDL_dropevents.lo
  CC     build/SDL_events.lo
  CC     build/SDL_gesture.lo
  CC     build/SDL_keyboard.lo
  CC     build/SDL_mouse.lo
  CC     build/SDL_quit.lo
  CC     build/SDL_touch.lo
  CC     build/SDL_windowevents.lo
  CC     build/SDL_rwops.lo
  CC     build/SDL_haptic.lo
  CC     build/SDL_gamecontroller.lo
  CC     build/SDL_joystick.lo
  CC     build/e_atan2.lo
  CC     build/e_exp.lo
  CC     build/e_fmod.lo
  CC     build/e_log.lo
  CC     build/e_log10.lo
  CC     build/e_pow.lo
  CC     build/e_rem_pio2.lo
  CC     build/e_sqrt.lo
  CC     build/k_cos.lo
  CC     build/k_rem_pio2.lo
  CC     build/k_sin.lo
  CC     build/k_tan.lo
  CC     build/s_atan.lo
  CC     build/s_copysign.lo
  CC     build/s_cos.lo
  CC     build/s_fabs.lo
  CC     build/s_floor.lo
  CC     build/s_scalbn.lo
  CC     build/s_sin.lo
  CC     build/s_tan.lo
  CC     build/SDL_power.lo
  CC     build/SDL_d3dmath.lo
  CC     build/SDL_render.lo
  CC     build/SDL_yuv_sw.lo
  CC     build/SDL_render_d3d.lo
  CC     build/SDL_shaders_d3d.lo
  CC     build/SDL_render_d3d11.lo
  CC     build/SDL_shaders_d3d11.lo
  CC     build/SDL_render_gl.lo
  CC     build/SDL_shaders_gl.lo
  CC     build/SDL_render_gles.lo
  CC     build/SDL_render_gles2.lo
  CC     build/SDL_shaders_gles2.lo
  CC     build/SDL_render_psp.lo
  CC     build/SDL_blendfillrect.lo
  CC     build/SDL_blendline.lo
  CC     build/SDL_blendpoint.lo
  CC     build/SDL_drawline.lo
  CC     build/SDL_drawpoint.lo
  CC     build/SDL_render_sw.lo
  CC     build/SDL_rotate.lo
  CC     build/SDL_sensor.lo
  CC     build/SDL_getenv.lo
  CC     build/SDL_iconv.lo
  CC     build/SDL_malloc.lo
  CC     build/SDL_qsort.lo
  CC     build/SDL_stdlib.lo
  CC     build/SDL_string.lo
  CC     build/SDL_thread.lo
  CC     build/SDL_timer.lo
  CC     build/SDL_RLEaccel.lo
  CC     build/SDL_blit.lo
  CC     build/SDL_blit_0.lo
  CC     build/SDL_blit_1.lo
  CC     build/SDL_blit_A.lo
  CC     build/SDL_blit_N.lo
  CC     build/SDL_blit_auto.lo
  CC     build/SDL_blit_copy.lo
  CC     build/SDL_blit_slow.lo
  CC     build/SDL_bmp.lo
  CC     build/SDL_clipboard.lo
  CC     build/SDL_egl.lo
  CC     build/SDL_fillrect.lo
  CC     build/SDL_pixels.lo
  CC     build/SDL_rect.lo
  CC     build/SDL_shape.lo
  CC     build/SDL_stretch.lo
  CC     build/SDL_surface.lo
  CC     build/SDL_video.lo
  CC     build/SDL_vulkan_utils.lo
  CC     build/SDL_yuv.lo
  CC     build/yuv_rgb.lo
  CC     build/SDL_nullevents.lo
  CC     build/SDL_nullframebuffer.lo
  CC     build/SDL_nullvideo.lo
  CC     build/SDL_diskaudio.lo
  CC     build/SDL_dummyaudio.lo
  CC     build/SDL_sysloadso.lo
  CC     build/SDL_dspaudio.lo
  CC     build/SDL_ime.lo
  CC     build/SDL_systhread.lo
  CC     build/SDL_syssem.lo
  CC     build/SDL_sysmutex.lo
  CC     build/SDL_syscond.lo
  CC     build/SDL_systls.lo
  CC     build/SDL_sysjoystick.lo
  CC     build/SDL_steamcontroller.lo
  CC     build/SDL_syshaptic.lo
  CC     build/SDL_syspower.lo
  CC     build/SDL_sysfilesystem.lo
  CC     build/SDL_systimer.lo
  CC     build/SDL_evdev.lo
  CC     build/SDL_evdev_kbd.lo
  CC     build/SDL_poll.lo
  CC     build/SDL_dummysensor.lo
  LTLINK build/libSDL2.la
  CC     build/SDL_dummy_main.lo
  LTLINK build/libSDL2main.la
  CC     build/SDL_test_assert.lo
  CC     build/SDL_test_common.lo
  CC     build/SDL_test_compare.lo
  CC     build/SDL_test_crc32.lo
  CC     build/SDL_test_font.lo
  CC     build/SDL_test_fuzzer.lo
  CC     build/SDL_test_harness.lo
  CC     build/SDL_test_imageBlit.lo
  CC     build/SDL_test_imageBlitBlend.lo
  CC     build/SDL_test_imageFace.lo
  CC     build/SDL_test_imagePrimitives.lo
  CC     build/SDL_test_imagePrimitivesBlend.lo
  CC     build/SDL_test_log.lo
  CC     build/SDL_test_md5.lo
  CC     build/SDL_test_memory.lo
  CC     build/SDL_test_random.lo
  LTLINK build/libSDL2_test.la
/bin/sh ../build-scripts/updaterev.sh
/bin/sh ../build-scripts/mkinstalldirs /usr/local/bin
/usr/bin/install -c -m 755 sdl2-config /usr/local/bin/sdl2-config
/bin/sh ../build-scripts/mkinstalldirs /usr/local/include/SDL2
mkdir -p -- /usr/local/include/SDL2
for file in SDL.h SDL_assert.h SDL_atomic.h SDL_audio.h SDL_bits.h SDL_blendmode.h SDL_clipboard.h SDL_cpuinfo.h SDL_egl.h SDL_endian.h SDL_error.h SDL_events.h SDL_filesystem.h SDL_gamecontroller.h SDL_gesture.h SDL_haptic.h SDL_hints.h SDL_joystick.h SDL_keyboard.h SDL_keycode.h SDL_loadso.h SDL_log.h SDL_main.h SDL_messagebox.h SDL_mouse.h SDL_mutex.h SDL_name.h SDL_opengl.h SDL_opengl_glext.h SDL_opengles.h SDL_opengles2_gl2ext.h SDL_opengles2_gl2.h SDL_opengles2_gl2platform.h SDL_opengles2.h SDL_opengles2_khrplatform.h SDL_pixels.h SDL_platform.h SDL_power.h SDL_quit.h SDL_rect.h SDL_render.h SDL_rwops.h SDL_scancode.h SDL_sensor.h SDL_shape.h SDL_stdinc.h SDL_surface.h SDL_system.h SDL_syswm.h SDL_thread.h SDL_timer.h SDL_touch.h SDL_types.h SDL_version.h SDL_video.h SDL_vulkan.h begin_code.h close_code.h SDL_test.h SDL_test_assert.h SDL_test_common.h SDL_test_compare.h SDL_test_crc32.h SDL_test_font.h SDL_test_fuzzer.h SDL_test_harness.h SDL_test_images.h SDL_test_log.h SDL_test_md5.h SDL_test_memory.h SDL_test_random.h; do \
    /usr/bin/install -c -m 644 /compile/SDL2-2.0.9/include/$file /usr/local/include/SDL2/$file; \
done
/usr/bin/install -c -m 644 include/SDL_config.h /usr/local/include/SDL2/SDL_config.h
if test -f include/SDL_revision.h; then \
    /usr/bin/install -c -m 644 include/SDL_revision.h /usr/local/include/SDL2/SDL_revision.h; \
else \
    /usr/bin/install -c -m 644 /compile/SDL2-2.0.9/include/SDL_revision.h /usr/local/include/SDL2/SDL_revision.h; \
fi
/bin/sh ../build-scripts/mkinstalldirs /usr/local/lib
/bin/sh ./libtool --quiet --mode=install /usr/bin/install -c build/libSDL2.la /usr/local/lib/libSDL2.la
/bin/sh ./libtool --quiet --mode=install /usr/bin/install -c build/libSDL2main.la /usr/local/lib/libSDL2main.la
/bin/sh ./libtool --quiet --mode=install /usr/bin/install -c build/libSDL2_test.la /usr/local/lib/libSDL2_test.la
/bin/sh ../build-scripts/mkinstalldirs /usr/local/share/aclocal
/usr/bin/install -c -m 644 /compile/SDL2-2.0.9/sdl2.m4 /usr/local/share/aclocal/sdl2.m4
/bin/sh ../build-scripts/mkinstalldirs /usr/local/lib/pkgconfig
mkdir -p -- /usr/local/lib/pkgconfig
/usr/bin/install -c -m 644 sdl2.pc /usr/local/lib/pkgconfig
/bin/sh ../build-scripts/mkinstalldirs /usr/local/lib/cmake/SDL2
mkdir -p -- /usr/local/lib/cmake/SDL2
/usr/bin/install -c -m 644 sdl2-config.cmake /usr/local/lib/cmake/SDL2
-- The C compiler identification is GNU 4.8.5
-- The CXX compiler identification is GNU 4.8.5
-- Check for working C compiler: /usr/bin/cc
-- Check for working C compiler: /usr/bin/cc -- works
-- Detecting C compiler ABI info
-- Detecting C compiler ABI info - done
-- Detecting C compile features
-- Detecting C compile features - done
-- Check for working CXX compiler: /usr/bin/c++
-- Check for working CXX compiler: /usr/bin/c++ -- works
-- Detecting CXX compiler ABI info
-- Detecting CXX compiler ABI info - done
-- Detecting CXX compile features
-- Detecting CXX compile features - done
-- Found ZLIB: /usr/lib64/libz.so (found version "1.2.7") 
-- Found LZO: /usr/lib64/liblzo2.so
-- Found JPEG: /usr/lib64/libjpeg.so (found version "62") 
-- Performing Test FOUND_LIBJPEG_TURBO
-- Performing Test FOUND_LIBJPEG_TURBO - Success
-- Found PNG: /usr/lib64/libpng.so (found version "1.5.13") 
-- Looking for pthread.h
-- Looking for pthread.h - found
-- Looking for pthread_create
-- Looking for pthread_create - not found
-- Looking for pthread_create in pthreads
-- Looking for pthread_create in pthreads - not found
-- Looking for pthread_create in pthread
-- Looking for pthread_create in pthread - found
-- Found Threads: TRUE  
-- Found SDL2: /usr/local/lib/libSDL2main.a;/usr/local/lib/libSDL2.so;-lpthread  
-- Found GnuTLS: /usr/lib64/libgnutls.so (found version "3.3.29") 
-- Found OpenSSL: /usr/lib64/libcrypto.so (found version "1.0.2k")  
-- Found PkgConfig: /usr/bin/pkg-config (found version "0.27.1") 
-- Checking for module 'libsystemd'
--   No package 'libsystemd' found
-- Looking for endian.h
-- Looking for endian.h - found
-- Looking for fcntl.h
-- Looking for fcntl.h - found
-- Looking for netinet/in.h
-- Looking for netinet/in.h - found
-- Looking for sys/endian.h
-- Looking for sys/endian.h - not found
-- Looking for sys/socket.h
-- Looking for sys/socket.h - found
-- Looking for sys/stat.h
-- Looking for sys/stat.h - found
-- Looking for sys/time.h
-- Looking for sys/time.h - found
-- Looking for sys/types.h
-- Looking for sys/types.h - found
-- Looking for sys/wait.h
-- Looking for sys/wait.h - found
-- Looking for unistd.h
-- Looking for unistd.h - found
-- Looking for sys/uio.h
-- Looking for sys/uio.h - found
-- Looking for vfork.h
-- Looking for vfork.h - not found
-- Looking for ws2tcpip.h
-- Looking for ws2tcpip.h - not found
-- Looking for arpa/inet.h
-- Looking for arpa/inet.h - found
-- Looking for stdint.h
-- Looking for stdint.h - found
-- Looking for stddef.h
-- Looking for stddef.h - found
-- Looking for sys/types.h
-- Looking for sys/types.h - found
-- Looking for gettimeofday
-- Looking for gettimeofday - found
-- Looking for vfork
-- Looking for vfork - found
-- Looking for vprintf
-- Looking for vprintf - found
-- Looking for mmap
-- Looking for mmap - found
-- Looking for fork
-- Looking for fork - found
-- Looking for ftime
-- Looking for ftime - found
-- Looking for gethostbyname
-- Looking for gethostbyname - found
-- Looking for gethostname
-- Looking for gethostname - found
-- Looking for inet_ntoa
-- Looking for inet_ntoa - found
-- Looking for memmove
-- Looking for memmove - found
-- Looking for memset
-- Looking for memset - found
-- Looking for mkfifo
-- Looking for mkfifo - found
-- Looking for select
-- Looking for select - found
-- Looking for socket
-- Looking for socket - found
-- Looking for strchr
-- Looking for strchr - found
-- Looking for strcspn
-- Looking for strcspn - found
-- Looking for strdup
-- Looking for strdup - found
-- Looking for strerror
-- Looking for strerror - found
-- Looking for strstr
-- Looking for strstr - found
-- Looking for htobe64
-- Looking for htobe64 - found
-- Looking for OSSwapHostToBigInt64
-- Looking for OSSwapHostToBigInt64 - not found
-- Building crypto with GnuTLS
-- Found libgcrypt: /usr/lib64/libgcrypt.so
-- Check size of pid_t
-- Check size of pid_t - done
-- Check size of size_t
-- Check size of size_t - done
-- Check size of socklen_t
-- Check size of socklen_t - done
-- Check size of in_addr_t
-- Check size of in_addr_t - done
-- Check if the system is big endian
-- Searching 16 bit integer
-- Check size of unsigned short
-- Check size of unsigned short - done
-- Using unsigned short
-- Check if the system is big endian - little endian
-- Configuring done
-- Generating done
-- Build files have been written to: /compile/LibVNCServer-0.9.12/build
[35m[1mScanning dependencies of target vncserver[0m
[  1%] [32mBuilding C object CMakeFiles/vncserver.dir/libvncserver/main.c.o[0m
[  2%] [32mBuilding C object CMakeFiles/vncserver.dir/libvncserver/rfbserver.c.o[0m
[  3%] [32mBuilding C object CMakeFiles/vncserver.dir/libvncserver/rfbregion.c.o[0m
[  4%] [32mBuilding C object CMakeFiles/vncserver.dir/libvncserver/auth.c.o[0m
[  5%] [32mBuilding C object CMakeFiles/vncserver.dir/libvncserver/sockets.c.o[0m
[  6%] [32mBuilding C object CMakeFiles/vncserver.dir/libvncserver/stats.c.o[0m
[  7%] [32mBuilding C object CMakeFiles/vncserver.dir/libvncserver/corre.c.o[0m
[  8%] [32mBuilding C object CMakeFiles/vncserver.dir/libvncserver/hextile.c.o[0m
[  9%] [32mBuilding C object CMakeFiles/vncserver.dir/libvncserver/rre.c.o[0m
[ 10%] [32mBuilding C object CMakeFiles/vncserver.dir/libvncserver/translate.c.o[0m
[ 11%] [32mBuilding C object CMakeFiles/vncserver.dir/libvncserver/cutpaste.c.o[0m
[ 12%] [32mBuilding C object CMakeFiles/vncserver.dir/libvncserver/httpd.c.o[0m
[ 13%] [32mBuilding C object CMakeFiles/vncserver.dir/libvncserver/cursor.c.o[0m
[ 14%] [32mBuilding C object CMakeFiles/vncserver.dir/libvncserver/font.c.o[0m
[ 15%] [32mBuilding C object CMakeFiles/vncserver.dir/libvncserver/draw.c.o[0m
[ 16%] [32mBuilding C object CMakeFiles/vncserver.dir/libvncserver/selbox.c.o[0m
[ 17%] [32mBuilding C object CMakeFiles/vncserver.dir/common/d3des.c.o[0m
[ 18%] [32mBuilding C object CMakeFiles/vncserver.dir/common/vncauth.c.o[0m
[ 19%] [32mBuilding C object CMakeFiles/vncserver.dir/libvncserver/cargs.c.o[0m
[ 20%] [32mBuilding C object CMakeFiles/vncserver.dir/libvncserver/ultra.c.o[0m
[ 21%] [32mBuilding C object CMakeFiles/vncserver.dir/libvncserver/scale.c.o[0m
[ 22%] [32mBuilding C object CMakeFiles/vncserver.dir/libvncserver/rfbssl_gnutls.c.o[0m
[ 23%] [32mBuilding C object CMakeFiles/vncserver.dir/libvncserver/zlib.c.o[0m
[ 24%] [32mBuilding C object CMakeFiles/vncserver.dir/libvncserver/zrle.c.o[0m
[ 25%] [32mBuilding C object CMakeFiles/vncserver.dir/libvncserver/zrleoutstream.c.o[0m
[ 26%] [32mBuilding C object CMakeFiles/vncserver.dir/libvncserver/zrlepalettehelper.c.o[0m
[ 27%] [32mBuilding C object CMakeFiles/vncserver.dir/libvncserver/tight.c.o[0m
[ 28%] [32mBuilding C object CMakeFiles/vncserver.dir/common/turbojpeg.c.o[0m
[ 29%] [32mBuilding C object CMakeFiles/vncserver.dir/libvncserver/tightvnc-filetransfer/rfbtightserver.c.o[0m
[ 30%] [32mBuilding C object CMakeFiles/vncserver.dir/libvncserver/tightvnc-filetransfer/handlefiletransferrequest.c.o[0m
[ 31%] [32mBuilding C object CMakeFiles/vncserver.dir/libvncserver/tightvnc-filetransfer/filetransfermsg.c.o[0m
[ 32%] [32mBuilding C object CMakeFiles/vncserver.dir/libvncserver/tightvnc-filetransfer/filelistinfo.c.o[0m
[ 33%] [32mBuilding C object CMakeFiles/vncserver.dir/libvncserver/websockets.c.o[0m
[ 34%] [32mBuilding C object CMakeFiles/vncserver.dir/libvncserver/ws_decode.c.o[0m
[ 35%] [32mBuilding C object CMakeFiles/vncserver.dir/common/base64.c.o[0m
[ 36%] [32mBuilding C object CMakeFiles/vncserver.dir/common/rfbcrypto_gnutls.c.o[0m
[ 37%] [32m[1mLinking C shared library libvncserver.so[0m
[ 37%] Built target vncserver
[35m[1mScanning dependencies of target vncclient[0m
[ 38%] [32mBuilding C object CMakeFiles/vncclient.dir/libvncclient/cursor.c.o[0m
[ 39%] [32mBuilding C object CMakeFiles/vncclient.dir/libvncclient/listen.c.o[0m
[ 40%] [32mBuilding C object CMakeFiles/vncclient.dir/libvncclient/rfbproto.c.o[0m
[ 41%] [32mBuilding C object CMakeFiles/vncclient.dir/libvncclient/sockets.c.o[0m
[ 42%] [32mBuilding C object CMakeFiles/vncclient.dir/libvncclient/vncviewer.c.o[0m
[ 43%] [32mBuilding C object CMakeFiles/vncclient.dir/common/turbojpeg.c.o[0m
[ 44%] [32mBuilding C object CMakeFiles/vncclient.dir/libvncclient/tls_gnutls.c.o[0m
[ 45%] [32m[1mLinking C shared library libvncclient.so[0m
[ 45%] Built target vncclient
[35m[1mScanning dependencies of target test_wstest[0m
[ 46%] [32mBuilding C object CMakeFiles/test_wstest.dir/test/wstest.c.o[0m
[ 47%] [32m[1mLinking C executable test/wstest[0m
[ 47%] Built target test_wstest
[35m[1mScanning dependencies of target test_tjbench[0m
[ 48%] [32mBuilding C object CMakeFiles/test_tjbench.dir/test/tjbench.c.o[0m
[ 49%] [32mBuilding C object CMakeFiles/test_tjbench.dir/test/tjutil.c.o[0m
[ 50%] [32mBuilding C object CMakeFiles/test_tjbench.dir/test/bmp.c.o[0m
[ 51%] [32mBuilding C object CMakeFiles/test_tjbench.dir/common/turbojpeg.c.o[0m
[ 52%] [32m[1mLinking C executable test/tjbench[0m
[ 52%] Built target test_tjbench
[35m[1mScanning dependencies of target test_tjunittest[0m
[ 53%] [32mBuilding C object CMakeFiles/test_tjunittest.dir/test/tjunittest.c.o[0m
[ 54%] [32mBuilding C object CMakeFiles/test_tjunittest.dir/test/tjutil.c.o[0m
[ 55%] [32mBuilding C object CMakeFiles/test_tjunittest.dir/common/turbojpeg.c.o[0m
[ 56%] [32m[1mLinking C executable test/tjunittest[0m
[ 56%] Built target test_tjunittest
[35m[1mScanning dependencies of target test_encodingstest[0m
[ 57%] [32mBuilding C object CMakeFiles/test_encodingstest.dir/test/encodingstest.c.o[0m
[ 58%] [32m[1mLinking C executable test/encodingstest[0m
[ 58%] Built target test_encodingstest
[35m[1mScanning dependencies of target test_cargstest[0m
[ 59%] [32mBuilding C object CMakeFiles/test_cargstest.dir/test/cargstest.c.o[0m
[ 60%] [32m[1mLinking C executable test/cargstest[0m
[ 60%] Built target test_cargstest
[35m[1mScanning dependencies of target client_examples_backchannel[0m
[ 61%] [32mBuilding C object CMakeFiles/client_examples_backchannel.dir/client_examples/backchannel.c.o[0m
[ 62%] [32m[1mLinking C executable client_examples/backchannel[0m
[ 62%] Built target client_examples_backchannel
[35m[1mScanning dependencies of target examples_example[0m
[ 63%] [32mBuilding C object CMakeFiles/examples_example.dir/examples/example.c.o[0m
[ 64%] [32m[1mLinking C executable examples/example[0m
[ 64%] Built target examples_example
[35m[1mScanning dependencies of target examples_colourmaptest[0m
[ 65%] [32mBuilding C object CMakeFiles/examples_colourmaptest.dir/examples/colourmaptest.c.o[0m
[ 66%] [32m[1mLinking C executable examples/colourmaptest[0m
[ 66%] Built target examples_colourmaptest
[35m[1mScanning dependencies of target examples_backchannel[0m
[ 67%] [32mBuilding C object CMakeFiles/examples_backchannel.dir/examples/backchannel.c.o[0m
[ 68%] [32m[1mLinking C executable examples/backchannel[0m
[ 68%] Built target examples_backchannel
[35m[1mScanning dependencies of target test_copyrecttest[0m
[ 69%] [32mBuilding C object CMakeFiles/test_copyrecttest.dir/test/copyrecttest.c.o[0m
[ 70%] [32m[1mLinking C executable test/copyrecttest[0m
[ 70%] Built target test_copyrecttest
[35m[1mScanning dependencies of target examples_simple15[0m
[ 71%] [32mBuilding C object CMakeFiles/examples_simple15.dir/examples/simple15.c.o[0m
[ 72%] [32m[1mLinking C executable examples/simple15[0m
[ 72%] Built target examples_simple15
[35m[1mScanning dependencies of target examples_camera[0m
[ 73%] [32mBuilding C object CMakeFiles/examples_camera.dir/examples/camera.c.o[0m
[ 74%] [32m[1mLinking C executable examples/camera[0m
[ 74%] Built target examples_camera
[35m[1mScanning dependencies of target examples_filetransfer[0m
[ 75%] [32mBuilding C object CMakeFiles/examples_filetransfer.dir/examples/filetransfer.c.o[0m
[ 76%] [32m[1mLinking C executable examples/filetransfer[0m
[ 76%] Built target examples_filetransfer
[35m[1mScanning dependencies of target examples_pnmshow[0m
[ 77%] [32mBuilding C object CMakeFiles/examples_pnmshow.dir/examples/pnmshow.c.o[0m
[ 78%] [32m[1mLinking C executable examples/pnmshow[0m
[ 78%] Built target examples_pnmshow
[35m[1mScanning dependencies of target examples_vncev[0m
[ 79%] [32mBuilding C object CMakeFiles/examples_vncev.dir/examples/vncev.c.o[0m
[ 80%] [32m[1mLinking C executable examples/vncev[0m
[ 80%] Built target examples_vncev
[35m[1mScanning dependencies of target examples_fontsel[0m
[ 81%] [32mBuilding C object CMakeFiles/examples_fontsel.dir/examples/fontsel.c.o[0m
[ 82%] [32m[1mLinking C executable examples/fontsel[0m
[ 82%] Built target examples_fontsel
[35m[1mScanning dependencies of target examples_pnmshow24[0m
[ 83%] [32mBuilding C object CMakeFiles/examples_pnmshow24.dir/examples/pnmshow24.c.o[0m
[ 84%] [32m[1mLinking C executable examples/pnmshow24[0m
[ 84%] Built target examples_pnmshow24
[35m[1mScanning dependencies of target client_examples_ppmtest[0m
[ 85%] [32mBuilding C object CMakeFiles/client_examples_ppmtest.dir/client_examples/ppmtest.c.o[0m
[ 86%] [32m[1mLinking C executable client_examples/ppmtest[0m
[ 86%] Built target client_examples_ppmtest
[35m[1mScanning dependencies of target examples_rotate[0m
[ 87%] [32mBuilding C object CMakeFiles/examples_rotate.dir/examples/rotate.c.o[0m
[ 88%] [32m[1mLinking C executable examples/rotate[0m
[ 88%] Built target examples_rotate
[35m[1mScanning dependencies of target examples_regiontest[0m
[ 89%] [32mBuilding C object CMakeFiles/examples_regiontest.dir/examples/regiontest.c.o[0m
[ 90%] [32m[1mLinking C executable examples/regiontest[0m
[ 90%] Built target examples_regiontest
[35m[1mScanning dependencies of target examples_blooptest[0m
[ 91%] [32mBuilding C object CMakeFiles/examples_blooptest.dir/examples/blooptest.c.o[0m
[ 92%] [32m[1mLinking C executable examples/blooptest[0m
[ 92%] Built target examples_blooptest
[35m[1mScanning dependencies of target examples_repeater[0m
[ 93%] [32mBuilding C object CMakeFiles/examples_repeater.dir/examples/repeater.c.o[0m
[ 94%] [32m[1mLinking C executable examples/repeater[0m
[ 94%] Built target examples_repeater
[35m[1mScanning dependencies of target client_examples_SDLvncviewer[0m
[ 95%] [32mBuilding C object CMakeFiles/client_examples_SDLvncviewer.dir/client_examples/SDLvncviewer.c.o[0m
[ 96%] [32m[1mLinking C executable client_examples/SDLvncviewer[0m
[ 96%] Built target client_examples_SDLvncviewer
[35m[1mScanning dependencies of target examples_simple[0m
[ 97%] [32mBuilding C object CMakeFiles/examples_simple.dir/examples/simple.c.o[0m
[ 98%] [32m[1mLinking C executable examples/simple[0m
[ 98%] Built target examples_simple
[35m[1mScanning dependencies of target examples_storepasswd[0m
[ 99%] [32mBuilding C object CMakeFiles/examples_storepasswd.dir/examples/storepasswd.c.o[0m
[100%] [32m[1mLinking C executable examples/storepasswd[0m
[100%] Built target examples_storepasswd
